# Это простой учебник на русском языке для изучения Python и его модулей.
# В нем рассматриваются основные концепции языка и его модулей.

# Переменные
# Переменные используются для хранения данных в памяти.
# В Python не нужно объявлять тип переменной.
# Вот пример объявления переменной:

# Объявляем переменную с именем 'greeting' и присваиваем ей значение 'Hello, World!'
greeting = 'Hello, World!'

# Вы можете вывести значение переменной, используя функцию 'print'
print(greeting)

# Типы данных
# Python имеет несколько встроенных типов данных, включая числа, строки, списки, кортежи, множества и словари.

# Числа
# В Python есть два типа чисел: целые и числа с плавающей точкой.
# Вот пример объявления числа:

# Объявляем переменную с именем 'number' и присваиваем ей значение 42
number = 42

# Вы можете выполнять арифметические операции с числами
print(number + 1)  # Сложение
print(number - 1)  # Вычитание
print(number * 2)  # Умножение
print(number / 2)  # Деление
print(number % 2)  # Остаток от деления

# Строки
# Строки - это последовательности символов.
# Вот пример объявления строки:

# Объявляем переменную с именем 'message' и присваиваем ей значение 'Python is cool!'
message = 'Python is cool!'

# Вы можете объединять строки с помощью оператора '+'
print(message + ' This is a great language to learn.')

# Списки
# Списки - это упорядоченные наборы данных, которые можно изменять.
# Вот пример объявления списка:

# Объявляем переменную с именем 'fruits' и присваиваем ей список фруктов
fruits = ['apple', 'banana', 'cherry']

# Вы можете изменять список, добавлять и удалять элементы
fruits.append('orange')  # Добавляем элемент в конец списка
fruits.insert(1, 'pear')  # Добавляем элемент на определенную позицию
fruits.pop()  # Удаляем последний элемент из списка
print(fruits)

# Кортежи
# Кортежи - это неизменяемые списки.
# Вот пример объявления кортежа:

# Объявляем переменную с именем 'colors' и присваиваем ей кортеж цветов
colors = ('red', 'green', 'blue')

# Вы не можете изменять кортежи, но вы можете обращаться к их элементам
print(colors[0])  # Выводим первый элемент кортежа

# Множества
# Множества - это неупорядоченные наборы уникальных элементов.
# Вот пример объявления множества:

# Объявляем переменную с именем 'unique_numbers' и присваиваем ей множество чисел
unique_numbers = {1, 2, 3, 3, 2, 1}

# В множестве нет повторяющихся элементов
print(unique_numbers)

# Словари
# Словари - это наборы пар "ключ-значение", где ключ может быть любого типа данных.
# Вот пример объявления словаря:

# Объявляем переменную с именем 'person' и присваиваем ей словарь с данными о человеке
person = {'name': 'John', 'age': 30, 'city': 'New York'}

# Вы можете обращаться к значениям словаря по ключу
print(person['name'])  # Выводим значение по ключу 'name'

# Вы можете изменять значения в словаре
person['age'] = 31  # Изменяем значение по ключу 'age'
print(person)

# В Python есть много встроенных функций, которые позволяют выполнять действия с данными.
# Вот некоторые из них:

# Функция 'len' возвращает длину последовательности (строки, список, кортеж, множество)
print(len(fruits))

# Функция 'max' возвращает наибольший элемент из последовательности
print(max(unique_numbers))

# Функция 'min' возвращает наименьший элемент из последовательности
print(min(unique_numbers))

# Функция 'sorted' возвращает отсортированный список
print(sorted(unique_numbers))

# Функция 'sum' возвращает сумму элементов последовательности
print(sum(unique_numbers))

# Функция 'range' возвращает последовательность чисел
print(list(range(1, 10)))

# В Python есть много встроенных модулей, которые позволяют выполнять разнообразные задачи.
# Вот некоторые из них:

# Модуль 'os' предоставляет функции для работы с операционной системой
import os
print(os.getcwd())  # Выводим текущую рабочую директорию

# Модуль 'math' предоставляет функции математики
import math
print(math.sqrt(4))  # Вычисляем квадратный корень

# Модуль 'random' предоставляет функции для генерации случайных чисел
import random
print(random.randint(1, 10))  # Выводим случайное целое число от 1 до 10

# Модуль 'datetime' предоставляет функции для работы с датами и временем
import datetime
print(datetime.datetime.now())  # Выводим текущую дату и время

# Вы можете устанавливать дополнительные модули с помощью менеджера пакетов pip.